<?xml version="1.0" encoding="UTF-8"?>
<testng-results ignored="0" total="2" passed="2" failed="0" skipped="0">
  <reporter-output>
  </reporter-output>
  <suite started-at="2023-07-03T09:02:17 CDT" name="Default suite" finished-at="2023-07-03T09:02:32 CDT" duration-ms="15055">
    <groups>
    </groups>
    <test started-at="2023-07-03T09:02:17 CDT" name="Default test" finished-at="2023-07-03T09:02:32 CDT" duration-ms="15055">
      <class name="variousConcepts.TestClass">
        <test-method is-config="true" signature="readConfig()[pri:0, instance:variousConcepts.TestClass@470734c3]" started-at="2023-07-03T09:02:17 CDT" name="readConfig" finished-at="2023-07-03T09:02:17 CDT" duration-ms="31" status="PASS">
          <reporter-output>
          </reporter-output>
        </test-method> <!-- readConfig -->
        <test-method is-config="true" signature="init()[pri:0, instance:variousConcepts.TestClass@470734c3]" started-at="2023-07-03T09:02:17 CDT" name="init" finished-at="2023-07-03T09:02:20 CDT" duration-ms="2658" status="PASS">
          <reporter-output>
          </reporter-output>
        </test-method> <!-- init -->
        <test-method signature="login()[pri:1, instance:variousConcepts.TestClass@470734c3]" started-at="2023-07-03T09:02:20 CDT" name="login" finished-at="2023-07-03T09:02:21 CDT" duration-ms="1864" status="PASS">
          <reporter-output>
          </reporter-output>
        </test-method> <!-- login -->
        <test-method is-config="true" signature="init()[pri:0, instance:variousConcepts.TestClass@470734c3]" started-at="2023-07-03T09:02:21 CDT" name="init" finished-at="2023-07-03T09:02:24 CDT" duration-ms="2905" status="PASS">
          <reporter-output>
          </reporter-output>
        </test-method> <!-- init -->
        <test-method signature="addCustomer()[pri:2, instance:variousConcepts.TestClass@470734c3]" started-at="2023-07-03T09:02:24 CDT" name="addCustomer" finished-at="2023-07-03T09:02:32 CDT" duration-ms="7538" status="PASS">
          <reporter-output>
          </reporter-output>
        </test-method> <!-- addCustomer -->
      </class> <!-- variousConcepts.TestClass -->
    </test> <!-- Default test -->
  </suite> <!-- Default suite -->
</testng-results>
